<?xml version="1.0" encoding="UTF-8"?>
<robot generator="Robot 3.1.2 (Python 3.6.8 on win32)" generated="20191226 19:58:27.500" rpa="false">
<suite id="s1" name="Tc" source="C:\Users\29276\Desktop\spj\tc">
<suite id="s1-s1" name="D-空白数据" source="C:\Users\29276\Desktop\spj\tc\d-空白数据">
<kw name="Delete All School Classes" library="pylib.SchoolClassLib" type="setup">
<msg timestamp="20191226 19:58:28.022" level="INFO">{ 'gradeid': None,
  'retcode': 0,
  'retlist': [ { 'grade__name': '七年级',
                 'id': 290859,
                 'invitecode': '2908598000147',
                 'name': '1班',
                 'studentlimit': 60,
                 'studentnumber': 0,
                 'teacherlist': []}]}
{ 'gradeid': None,
  'retcode': 0,
  'retlist': [ { 'grade__name': '七年级',
                 'id': 290859,
                 'invitecode': '2908598000147',
                 'name': '1班',
                 'studentlimit': 60,
                 'studentnumber': 0,
                 'teacherlist': []}]}
{'gradeid': 1, 'retcode': 0, 'retlist': []}
{'gradeid': 1, 'retcode': 0, 'retlist': []}</msg>
<status status="PASS" starttime="20191226 19:58:27.741" endtime="20191226 19:58:28.022"></status>
</kw>
<suite id="s1-s1-s1" name="班级管理" source="C:\Users\29276\Desktop\spj\tc\d-空白数据\班级管理">
<suite id="s1-s1-s1-s1" name="添加班级" source="C:\Users\29276\Desktop\spj\tc\d-空白数据\班级管理\添加班级.robot">
<test id="s1-s1-s1-s1-t1" name="addClass1">
<kw name="Add School Class" library="pylib.SchoolClassLib">
<arguments>
<arg>1</arg>
<arg>1班</arg>
<arg>60</arg>
</arguments>
<assign>
<var>${ret1}</var>
</assign>
<msg timestamp="20191226 19:58:28.148" level="INFO">{'id': 291218, 'invitecode': '2912185545694', 'retcode': 0}</msg>
<msg timestamp="20191226 19:58:28.148" level="INFO">${ret1} = {'invitecode': '2912185545694', 'retcode': 0, 'id': 291218}</msg>
<status status="PASS" starttime="20191226 19:58:28.034" endtime="20191226 19:58:28.148"></status>
</kw>
<kw name="Should Be True" library="BuiltIn">
<doc>Fails if the given condition is not true.</doc>
<arguments>
<arg>$ret1['retcode']==0</arg>
</arguments>
<status status="PASS" starttime="20191226 19:58:28.149" endtime="20191226 19:58:28.162"></status>
</kw>
<kw name="List School Class" library="pylib.SchoolClassLib">
<arguments>
<arg>1</arg>
</arguments>
<assign>
<var>${ret2}</var>
</assign>
<msg timestamp="20191226 19:58:28.224" level="INFO">{ 'gradeid': 1,
  'retcode': 0,
  'retlist': [ { 'grade__name': '七年级',
                 'id': 291218,
                 'invitecode': '2912185545694',
                 'name': '1班',
                 'studentlimit': 60,
                 'studentnumber': 0,
                 'teacherlist': []}]}</msg>
<msg timestamp="20191226 19:58:28.224" level="INFO">${ret2} = {'gradeid': 1, 'retlist': [{'name': '1班', 'grade__name': '七年级', 'invitecode': '2912185545694', 'studentlimit': 60, 'studentnumber': 0, 'id': 291218, 'teacherlist': []}], 'retcode': 0}</msg>
<status status="PASS" starttime="20191226 19:58:28.162" endtime="20191226 19:58:28.224"></status>
</kw>
<kw name="Evaluate" library="BuiltIn">
<doc>Evaluates the given expression in Python and returns the results.</doc>
<arguments>
<arg>$ret2['retlist'][0]</arg>
</arguments>
<assign>
<var>${fc}</var>
</assign>
<msg timestamp="20191226 19:58:28.225" level="INFO">${fc} = {'name': '1班', 'grade__name': '七年级', 'invitecode': '2912185545694', 'studentlimit': 60, 'studentnumber': 0, 'id': 291218, 'teacherlist': []}</msg>
<status status="PASS" starttime="20191226 19:58:28.225" endtime="20191226 19:58:28.225"></status>
</kw>
<kw name="Should Be True" library="BuiltIn">
<doc>Fails if the given condition is not true.</doc>
<arguments>
<arg>$fc['id']==$ret1['id']</arg>
</arguments>
<status status="PASS" starttime="20191226 19:58:28.227" endtime="20191226 19:58:28.227"></status>
</kw>
<kw name="Should Be True" library="BuiltIn">
<doc>Fails if the given condition is not true.</doc>
<arguments>
<arg>$fc['invitecode']==$ret1['invitecode']</arg>
</arguments>
<status status="PASS" starttime="20191226 19:58:28.227" endtime="20191226 19:58:28.227"></status>
</kw>
<kw name="Delete School Class" library="pylib.SchoolClassLib" type="teardown">
<arguments>
<arg>&amp;{ret1}[id]</arg>
</arguments>
<status status="PASS" starttime="20191226 19:58:28.228" endtime="20191226 19:58:28.329"></status>
</kw>
<status status="PASS" starttime="20191226 19:58:28.033" endtime="20191226 19:58:28.330" critical="yes"></status>
</test>
<test id="s1-s1-s1-s1-t2" name="addClass2">
<kw name="Run Keywords" library="BuiltIn" type="setup">
<doc>Executes all the given keywords in a sequence.</doc>
<arguments>
<arg>delete_all_school_classes</arg>
<arg>AND</arg>
<arg>add school class</arg>
<arg>1</arg>
<arg>1班</arg>
<arg>60</arg>
</arguments>
<kw name="Delete All School Classes" library="pylib.SchoolClassLib">
<msg timestamp="20191226 19:58:28.520" level="INFO">{'gradeid': None, 'retcode': 0, 'retlist': []}
{'gradeid': None, 'retcode': 0, 'retlist': []}
{'gradeid': 1, 'retcode': 0, 'retlist': []}
{'gradeid': 1, 'retcode': 0, 'retlist': []}</msg>
<status status="PASS" starttime="20191226 19:58:28.332" endtime="20191226 19:58:28.520"></status>
</kw>
<kw name="Add School Class" library="pylib.SchoolClassLib">
<arguments>
<arg>1</arg>
<arg>1班</arg>
<arg>60</arg>
</arguments>
<msg timestamp="20191226 19:58:28.626" level="INFO">{'id': 291219, 'invitecode': '2912192925210', 'retcode': 0}</msg>
<status status="PASS" starttime="20191226 19:58:28.520" endtime="20191226 19:58:28.626"></status>
</kw>
<status status="PASS" starttime="20191226 19:58:28.332" endtime="20191226 19:58:28.626"></status>
</kw>
<kw name="Add School Class" library="pylib.SchoolClassLib">
<arguments>
<arg>2</arg>
<arg>2班</arg>
<arg>80</arg>
</arguments>
<assign>
<var>${ret1}</var>
</assign>
<msg timestamp="20191226 19:58:28.727" level="INFO">{'id': 291220, 'invitecode': '2912203700380', 'retcode': 0}</msg>
<msg timestamp="20191226 19:58:28.727" level="INFO">${ret1} = {'invitecode': '2912203700380', 'retcode': 0, 'id': 291220}</msg>
<status status="PASS" starttime="20191226 19:58:28.626" endtime="20191226 19:58:28.727"></status>
</kw>
<kw name="List School Class" library="pylib.SchoolClassLib">
<assign>
<var>${classlist}</var>
</assign>
<msg timestamp="20191226 19:58:28.824" level="INFO">{ 'gradeid': None,
  'retcode': 0,
  'retlist': [ { 'grade__name': '七年级',
                 'id': 291219,
                 'invitecode': '2912192925210',
                 'name': '1班',
                 'studentlimit': 60,
                 'studentnumber': 0,
                 'teacherlist': []},
               { 'grade__name': '八年级',
                 'id': 291220,
                 'invitecode': '2912203700380',
                 'name': '2班',
                 'studentlimit': 80,
                 'studentnumber': 0,
                 'teacherlist': []}]}</msg>
<msg timestamp="20191226 19:58:28.824" level="INFO">${classlist} = {'gradeid': None, 'retlist': [{'name': '1班', 'grade__name': '七年级', 'invitecode': '2912192925210', 'studentlimit': 60, 'studentnumber': 0, 'id': 291219, 'teacherlist': []}, {'name': '2班', 'grade__name'...</msg>
<status status="PASS" starttime="20191226 19:58:28.728" endtime="20191226 19:58:28.824"></status>
</kw>
<kw name="Log" library="BuiltIn">
<doc>Logs the given message with the given level.</doc>
<arguments>
<arg>${classlist}</arg>
</arguments>
<msg timestamp="20191226 19:58:28.825" level="INFO">{'gradeid': None, 'retlist': [{'name': '1班', 'grade__name': '七年级', 'invitecode': '2912192925210', 'studentlimit': 60, 'studentnumber': 0, 'id': 291219, 'teacherlist': []}, {'name': '2班', 'grade__name': '八年级', 'invitecode': '2912203700380', 'studentlimit': 80, 'studentnumber': 0, 'id': 291220, 'teacherlist': []}], 'retcode': 0}</msg>
<status status="PASS" starttime="20191226 19:58:28.825" endtime="20191226 19:58:28.825"></status>
</kw>
<kw name="Evaluate" library="BuiltIn">
<doc>Evaluates the given expression in Python and returns the results.</doc>
<arguments>
<arg>$classlist['retlist'][1]</arg>
</arguments>
<assign>
<var>${fc}</var>
</assign>
<msg timestamp="20191226 19:58:28.826" level="INFO">${fc} = {'name': '2班', 'grade__name': '八年级', 'invitecode': '2912203700380', 'studentlimit': 80, 'studentnumber': 0, 'id': 291220, 'teacherlist': []}</msg>
<status status="PASS" starttime="20191226 19:58:28.826" endtime="20191226 19:58:28.826"></status>
</kw>
<kw name="Log" library="BuiltIn">
<doc>Logs the given message with the given level.</doc>
<arguments>
<arg>${fc}</arg>
</arguments>
<msg timestamp="20191226 19:58:28.827" level="INFO">{'name': '2班', 'grade__name': '八年级', 'invitecode': '2912203700380', 'studentlimit': 80, 'studentnumber': 0, 'id': 291220, 'teacherlist': []}</msg>
<status status="PASS" starttime="20191226 19:58:28.827" endtime="20191226 19:58:28.827"></status>
</kw>
<kw name="Should Be True" library="BuiltIn">
<doc>Fails if the given condition is not true.</doc>
<arguments>
<arg>$fc['id']==$ret1['id']</arg>
</arguments>
<status status="PASS" starttime="20191226 19:58:28.827" endtime="20191226 19:58:28.828"></status>
</kw>
<kw name="Should Be True" library="BuiltIn">
<doc>Fails if the given condition is not true.</doc>
<arguments>
<arg>$fc['invitecode']==$ret1['invitecode']</arg>
</arguments>
<status status="PASS" starttime="20191226 19:58:28.828" endtime="20191226 19:58:28.829"></status>
</kw>
<kw name="Delete All School Classes" library="pylib.SchoolClassLib" type="teardown">
<msg timestamp="20191226 19:58:29.221" level="INFO">{ 'gradeid': None,
  'retcode': 0,
  'retlist': [ { 'grade__name': '七年级',
                 'id': 291219,
                 'invitecode': '2912192925210',
                 'name': '1班',
                 'studentlimit': 60,
                 'studentnumber': 0,
                 'teacherlist': []},
               { 'grade__name': '八年级',
                 'id': 291220,
                 'invitecode': '2912203700380',
                 'name': '2班',
                 'studentlimit': 80,
                 'studentnumber': 0,
                 'teacherlist': []}]}
{ 'gradeid': None,
  'retcode': 0,
  'retlist': [ { 'grade__name': '七年级',
                 'id': 291219,
                 'invitecode': '2912192925210',
                 'name': '1班',
                 'studentlimit': 60,
                 'studentnumber': 0,
                 'teacherlist': []},
               { 'grade__name': '八年级',
                 'id': 291220,
                 'invitecode': '2912203700380',
                 'name': '2班',
                 'studentlimit': 80,
                 'studentnumber': 0,
                 'teacherlist': []}]}
{'gradeid': 1, 'retcode': 0, 'retlist': []}
{'gradeid': 1, 'retcode': 0, 'retlist': []}</msg>
<status status="PASS" starttime="20191226 19:58:28.829" endtime="20191226 19:58:29.222"></status>
</kw>
<status status="PASS" starttime="20191226 19:58:28.331" endtime="20191226 19:58:29.223" critical="yes"></status>
</test>
<test id="s1-s1-s1-s1-t3" name="addClass3">
<kw name="Run Keywords" library="BuiltIn" type="setup">
<doc>Executes all the given keywords in a sequence.</doc>
<arguments>
<arg>delete_all_school_classes</arg>
<arg>AND</arg>
<arg>add school class</arg>
<arg>1</arg>
<arg>1班</arg>
<arg>60</arg>
</arguments>
<kw name="Delete All School Classes" library="pylib.SchoolClassLib">
<msg timestamp="20191226 19:58:29.421" level="INFO">{'gradeid': None, 'retcode': 0, 'retlist': []}
{'gradeid': None, 'retcode': 0, 'retlist': []}
{'gradeid': 1, 'retcode': 0, 'retlist': []}
{'gradeid': 1, 'retcode': 0, 'retlist': []}</msg>
<status status="PASS" starttime="20191226 19:58:29.225" endtime="20191226 19:58:29.421"></status>
</kw>
<kw name="Add School Class" library="pylib.SchoolClassLib">
<arguments>
<arg>1</arg>
<arg>1班</arg>
<arg>60</arg>
</arguments>
<msg timestamp="20191226 19:58:29.580" level="INFO">{'id': 291221, 'invitecode': '2912216795109', 'retcode': 0}</msg>
<status status="PASS" starttime="20191226 19:58:29.421" endtime="20191226 19:58:29.580"></status>
</kw>
<status status="PASS" starttime="20191226 19:58:29.224" endtime="20191226 19:58:29.581"></status>
</kw>
<kw name="Add School Class" library="pylib.SchoolClassLib">
<arguments>
<arg>1</arg>
<arg>1班</arg>
<arg>60</arg>
</arguments>
<assign>
<var>${ret}</var>
</assign>
<msg timestamp="20191226 19:58:29.629" level="INFO">{ 'reason': 'Traceback (most recent call last):\n'
            '  File '
            '"/home/yjyx/yijiao_src/yijiao_main/services/datamodel/schoolclass/models.py", '
            'line 542, in addClass\n'
            '    school_class = '
            'self._addClass(name,schoolid,gradeid,studentlimit)\n'
            '  File '
            '"/home/yjyx/yijiao_src/yijiao_main/services/datamodel/schoolclass/models.py", '
            'line 531, in _addClass\n'
            '    school_class.save()\n'
            '  File '
            '"/usr/local/lib/python2.7/site-packages/django/db/models/base.py", '
            'line 710, in save\n'
            '    force_update=force_update, update_fields=update_fields)\n'
            '  File '
            '"/usr/local/lib/python2.7/site-packages/django/db/models/base.py", '
            'line 738, in save_base\n'
            '    updated = self._save_table(raw, cls, force_insert, '
            'force_update, using, update_fields)\n'
            '  File '
            '"/usr/local/lib/python2.7/site-packages/django/db/models/base.py", '
            'line 822, in _save_table\n'
            '    result = self._do_insert(cls._base_manager, using, fields, '
            'update_pk, raw)\n'
            '  File '
            '"/usr/local/lib/python2.7/site-packages/django/db/models/base.py", '
            'line 861, in _do_insert\n'
            '    using=using, raw=raw)\n'
            '  File '
            '"/usr/local/lib/python2.7/site-packages/django/db/models/manager.py", '
            'line 127, in manager_method\n'
            '    return getattr(self.get_queryset(), name)(*args, **kwargs)\n'
            '  File '
            '"/usr/local/lib/python2.7/site-packages/django/db/models/query.py", '
            'line 920, in _insert\n'
            '    return '
            'query.get_compiler(using=using).execute_sql(return_id)\n'
            '  File '
            '"/usr/local/lib/python2.7/site-packages/django/db/models/sql/compiler.py", '
            'line 974, in execute_sql\n'
            '    cursor.execute(sql, params)\n'
            '  File '
            '"/usr/local/lib/python2.7/site-packages/django/db/backends/utils.py", '
            'line 64, in execute\n'
            '    return self.cursor.execute(sql, params)\n'
            '  File '
            '"/usr/local/lib/python2.7/site-packages/django/db/utils.py", line '
            '97, in __exit__\n'
            '    six.reraise(dj_exc_type, dj_exc_value, traceback)\n'
            '  File '
            '"/usr/local/lib/python2.7/site-packages/django/db/backends/utils.py", '
            'line 64, in execute\n'
            '    return self.cursor.execute(sql, params)\n'
            '  File '
            '"/usr/local/lib/python2.7/site-packages/django/db/backends/mysql/base.py", '
            'line 124, in execute\n'
            '    return self.cursor.execute(query, args)\n'
            '  File '
            '"/usr/local/lib/python2.7/site-packages/MySQLdb/cursors.py", line '
            '205, in execute\n'
            '    self.errorhandler(self, exc, value)\n'
            '  File '
            '"/usr/local/lib/python2.7/site-packages/MySQLdb/connections.py", '
            'line 36, in defaulterrorhandler\n'
            '    raise errorclass, errorvalue\n'
            'IntegrityError: (1062, "Duplicate entry '
            '\'1\\xe7\\x8f\\xad-712-1\' for key \'name\'")\n',
  'retcode': 1}</msg>
<msg timestamp="20191226 19:58:29.630" level="INFO">${ret} = {'reason': 'Traceback (most recent call last):\n  File "/home/yjyx/yijiao_src/yijiao_main/services/datamodel/schoolclass/models.py", line 542, in addClass\n    school_class = self._addClass(name,schoo...</msg>
<status status="PASS" starttime="20191226 19:58:29.581" endtime="20191226 19:58:29.630"></status>
</kw>
<kw name="Should Be True" library="BuiltIn">
<doc>Fails if the given condition is not true.</doc>
<arguments>
<arg>$ret['retcode']==1</arg>
</arguments>
<status status="PASS" starttime="20191226 19:58:29.630" endtime="20191226 19:58:29.631"></status>
</kw>
<status status="PASS" starttime="20191226 19:58:29.224" endtime="20191226 19:58:29.631" critical="yes"></status>
</test>
<status status="PASS" starttime="20191226 19:58:28.026" endtime="20191226 19:58:29.633"></status>
</suite>
<status status="PASS" starttime="20191226 19:58:28.022" endtime="20191226 19:58:29.637"></status>
</suite>
<status status="PASS" starttime="20191226 19:58:27.528" endtime="20191226 19:58:29.639"></status>
</suite>
<status status="PASS" starttime="20191226 19:58:27.503" endtime="20191226 19:58:29.641"></status>
</suite>
<statistics>
<total>
<stat pass="3" fail="0">Critical Tests</stat>
<stat pass="3" fail="0">All Tests</stat>
</total>
<tag>
</tag>
<suite>
<stat pass="3" fail="0" id="s1" name="Tc">Tc</stat>
<stat pass="3" fail="0" id="s1-s1" name="D-空白数据">Tc.D-空白数据</stat>
<stat pass="3" fail="0" id="s1-s1-s1" name="班级管理">Tc.D-空白数据.班级管理</stat>
<stat pass="3" fail="0" id="s1-s1-s1-s1" name="添加班级">Tc.D-空白数据.班级管理.添加班级</stat>
</suite>
</statistics>
<errors>
</errors>
</robot>
