<?xml version="1.0" encoding="UTF-8"?>
<robot generator="Robot 3.1.2 (Python 3.6.8 on win32)" generated="20200107 15:45:09.845" rpa="false">
<suite id="s1" name="Tc" source="E:\works\learngit\spj01\tc">
<suite id="s1-s1" name="D-空白数据" source="E:\works\learngit\spj01\tc\d-空白数据">
<kw name="Delete All School Classes" library="pylib.SchoolClassLib" type="setup">
<msg timestamp="20200107 15:45:10.722" level="INFO">{ 'gradeid': None,
  'retcode': 0,
  'retlist': [ { 'grade__name': '七年级',
                 'id': 291322,
                 'invitecode': '2913227565973',
                 'name': '1班',
                 'studentlimit': 60,
                 'studentnumber': 0,
                 'teacherlist': []}]}
{ 'gradeid': None,
  'retcode': 0,
  'retlist': [ { 'grade__name': '七年级',
                 'id': 291322,
                 'invitecode': '2913227565973',
                 'name': '1班',
                 'studentlimit': 60,
                 'studentnumber': 0,
                 'teacherlist': []}]}
{'gradeid': 1, 'retcode': 0, 'retlist': []}
{'gradeid': 1, 'retcode': 0, 'retlist': []}</msg>
<status status="PASS" starttime="20200107 15:45:10.433" endtime="20200107 15:45:10.722"></status>
</kw>
<suite id="s1-s1-s1" name="班级管理" source="E:\works\learngit\spj01\tc\d-空白数据\班级管理">
<suite id="s1-s1-s1-s1" name="添加班级" source="E:\works\learngit\spj01\tc\d-空白数据\班级管理\添加班级.robot">
<test id="s1-s1-s1-s1-t1" name="addClass1">
<kw name="Add School Class" library="pylib.SchoolClassLib">
<arguments>
<arg>1</arg>
<arg>1班</arg>
<arg>60</arg>
</arguments>
<assign>
<var>${ret1}</var>
</assign>
<msg timestamp="20200107 15:45:10.832" level="INFO">{'id': 301756, 'invitecode': '3017563403536', 'retcode': 0}</msg>
<msg timestamp="20200107 15:45:10.832" level="INFO">${ret1} = {'invitecode': '3017563403536', 'retcode': 0, 'id': 301756}</msg>
<status status="PASS" starttime="20200107 15:45:10.747" endtime="20200107 15:45:10.832"></status>
</kw>
<kw name="Should Be True" library="BuiltIn">
<doc>Fails if the given condition is not true.</doc>
<arguments>
<arg>$ret1['retcode']==0</arg>
</arguments>
<status status="PASS" starttime="20200107 15:45:10.833" endtime="20200107 15:45:10.842"></status>
</kw>
<kw name="List School Class" library="pylib.SchoolClassLib">
<arguments>
<arg>1</arg>
</arguments>
<assign>
<var>${ret2}</var>
</assign>
<msg timestamp="20200107 15:45:10.925" level="INFO">{ 'gradeid': 1,
  'retcode': 0,
  'retlist': [ { 'grade__name': '七年级',
                 'id': 301756,
                 'invitecode': '3017563403536',
                 'name': '1班',
                 'studentlimit': 60,
                 'studentnumber': 0,
                 'teacherlist': []}]}</msg>
<msg timestamp="20200107 15:45:10.926" level="INFO">${ret2} = {'gradeid': 1, 'retlist': [{'name': '1班', 'grade__name': '七年级', 'invitecode': '3017563403536', 'studentlimit': 60, 'studentnumber': 0, 'id': 301756, 'teacherlist': []}], 'retcode': 0}</msg>
<status status="PASS" starttime="20200107 15:45:10.843" endtime="20200107 15:45:10.926"></status>
</kw>
<kw name="Evaluate" library="BuiltIn">
<doc>Evaluates the given expression in Python and returns the results.</doc>
<arguments>
<arg>$ret2['retlist'][0]</arg>
</arguments>
<assign>
<var>${fc}</var>
</assign>
<msg timestamp="20200107 15:45:10.928" level="INFO">${fc} = {'name': '1班', 'grade__name': '七年级', 'invitecode': '3017563403536', 'studentlimit': 60, 'studentnumber': 0, 'id': 301756, 'teacherlist': []}</msg>
<status status="PASS" starttime="20200107 15:45:10.927" endtime="20200107 15:45:10.928"></status>
</kw>
<kw name="Should Be True" library="BuiltIn">
<doc>Fails if the given condition is not true.</doc>
<arguments>
<arg>$fc['id']==$ret1['id']</arg>
</arguments>
<status status="PASS" starttime="20200107 15:45:10.929" endtime="20200107 15:45:10.930"></status>
</kw>
<kw name="Should Be True" library="BuiltIn">
<doc>Fails if the given condition is not true.</doc>
<arguments>
<arg>$fc['invitecode']==$ret1['invitecode']</arg>
</arguments>
<status status="PASS" starttime="20200107 15:45:10.931" endtime="20200107 15:45:10.934"></status>
</kw>
<kw name="Delete School Class" library="pylib.SchoolClassLib" type="teardown">
<arguments>
<arg>&amp;{ret1}[id]</arg>
</arguments>
<status status="PASS" starttime="20200107 15:45:10.934" endtime="20200107 15:45:11.029"></status>
</kw>
<status status="PASS" starttime="20200107 15:45:10.744" endtime="20200107 15:45:11.029" critical="yes"></status>
</test>
<test id="s1-s1-s1-s1-t2" name="addClass2">
<kw name="Run Keywords" library="BuiltIn" type="setup">
<doc>Executes all the given keywords in a sequence.</doc>
<arguments>
<arg>delete_all_school_classes</arg>
<arg>AND</arg>
<arg>add school class</arg>
<arg>1</arg>
<arg>1班</arg>
<arg>60</arg>
</arguments>
<kw name="Delete All School Classes" library="pylib.SchoolClassLib">
<msg timestamp="20200107 15:45:11.224" level="INFO">{'gradeid': None, 'retcode': 0, 'retlist': []}
{'gradeid': None, 'retcode': 0, 'retlist': []}
{'gradeid': 1, 'retcode': 0, 'retlist': []}
{'gradeid': 1, 'retcode': 0, 'retlist': []}</msg>
<status status="PASS" starttime="20200107 15:45:11.034" endtime="20200107 15:45:11.224"></status>
</kw>
<kw name="Add School Class" library="pylib.SchoolClassLib">
<arguments>
<arg>1</arg>
<arg>1班</arg>
<arg>60</arg>
</arguments>
<msg timestamp="20200107 15:45:11.374" level="INFO">{'id': 301757, 'invitecode': '3017572528602', 'retcode': 0}</msg>
<status status="PASS" starttime="20200107 15:45:11.224" endtime="20200107 15:45:11.374"></status>
</kw>
<status status="PASS" starttime="20200107 15:45:11.033" endtime="20200107 15:45:11.374"></status>
</kw>
<kw name="Add School Class" library="pylib.SchoolClassLib">
<arguments>
<arg>2</arg>
<arg>2班</arg>
<arg>80</arg>
</arguments>
<assign>
<var>${ret1}</var>
</assign>
<msg timestamp="20200107 15:45:11.427" level="INFO">{'id': 301758, 'invitecode': '3017586412224', 'retcode': 0}</msg>
<msg timestamp="20200107 15:45:11.428" level="INFO">${ret1} = {'invitecode': '3017586412224', 'retcode': 0, 'id': 301758}</msg>
<status status="PASS" starttime="20200107 15:45:11.375" endtime="20200107 15:45:11.428"></status>
</kw>
<kw name="List School Class" library="pylib.SchoolClassLib">
<assign>
<var>${classlist}</var>
</assign>
<msg timestamp="20200107 15:45:11.526" level="INFO">{ 'gradeid': None,
  'retcode': 0,
  'retlist': [ { 'grade__name': '七年级',
                 'id': 301757,
                 'invitecode': '3017572528602',
                 'name': '1班',
                 'studentlimit': 60,
                 'studentnumber': 0,
                 'teacherlist': []},
               { 'grade__name': '八年级',
                 'id': 301758,
                 'invitecode': '3017586412224',
                 'name': '2班',
                 'studentlimit': 80,
                 'studentnumber': 0,
                 'teacherlist': []}]}</msg>
<msg timestamp="20200107 15:45:11.526" level="INFO">${classlist} = {'gradeid': None, 'retlist': [{'name': '1班', 'grade__name': '七年级', 'invitecode': '3017572528602', 'studentlimit': 60, 'studentnumber': 0, 'id': 301757, 'teacherlist': []}, {'name': '2班', 'grade__name'...</msg>
<status status="PASS" starttime="20200107 15:45:11.429" endtime="20200107 15:45:11.526"></status>
</kw>
<kw name="Log" library="BuiltIn">
<doc>Logs the given message with the given level.</doc>
<arguments>
<arg>${classlist}</arg>
</arguments>
<msg timestamp="20200107 15:45:11.528" level="INFO">{'gradeid': None, 'retlist': [{'name': '1班', 'grade__name': '七年级', 'invitecode': '3017572528602', 'studentlimit': 60, 'studentnumber': 0, 'id': 301757, 'teacherlist': []}, {'name': '2班', 'grade__name': '八年级', 'invitecode': '3017586412224', 'studentlimit': 80, 'studentnumber': 0, 'id': 301758, 'teacherlist': []}], 'retcode': 0}</msg>
<status status="PASS" starttime="20200107 15:45:11.527" endtime="20200107 15:45:11.528"></status>
</kw>
<kw name="Evaluate" library="BuiltIn">
<doc>Evaluates the given expression in Python and returns the results.</doc>
<arguments>
<arg>$classlist['retlist'][1]</arg>
</arguments>
<assign>
<var>${fc}</var>
</assign>
<msg timestamp="20200107 15:45:11.625" level="INFO">${fc} = {'name': '2班', 'grade__name': '八年级', 'invitecode': '3017586412224', 'studentlimit': 80, 'studentnumber': 0, 'id': 301758, 'teacherlist': []}</msg>
<status status="PASS" starttime="20200107 15:45:11.624" endtime="20200107 15:45:11.625"></status>
</kw>
<kw name="Log" library="BuiltIn">
<doc>Logs the given message with the given level.</doc>
<arguments>
<arg>${fc}</arg>
</arguments>
<msg timestamp="20200107 15:45:11.626" level="INFO">{'name': '2班', 'grade__name': '八年级', 'invitecode': '3017586412224', 'studentlimit': 80, 'studentnumber': 0, 'id': 301758, 'teacherlist': []}</msg>
<status status="PASS" starttime="20200107 15:45:11.626" endtime="20200107 15:45:11.626"></status>
</kw>
<kw name="Should Be True" library="BuiltIn">
<doc>Fails if the given condition is not true.</doc>
<arguments>
<arg>$fc['id']==$ret1['id']</arg>
</arguments>
<status status="PASS" starttime="20200107 15:45:11.627" endtime="20200107 15:45:11.629"></status>
</kw>
<kw name="Should Be True" library="BuiltIn">
<doc>Fails if the given condition is not true.</doc>
<arguments>
<arg>$fc['invitecode']==$ret1['invitecode']</arg>
</arguments>
<status status="PASS" starttime="20200107 15:45:11.629" endtime="20200107 15:45:11.631"></status>
</kw>
<kw name="Delete All School Classes" library="pylib.SchoolClassLib" type="teardown">
<msg timestamp="20200107 15:45:11.967" level="INFO">{ 'gradeid': None,
  'retcode': 0,
  'retlist': [ { 'grade__name': '七年级',
                 'id': 301757,
                 'invitecode': '3017572528602',
                 'name': '1班',
                 'studentlimit': 60,
                 'studentnumber': 0,
                 'teacherlist': []},
               { 'grade__name': '八年级',
                 'id': 301758,
                 'invitecode': '3017586412224',
                 'name': '2班',
                 'studentlimit': 80,
                 'studentnumber': 0,
                 'teacherlist': []}]}
{ 'gradeid': None,
  'retcode': 0,
  'retlist': [ { 'grade__name': '七年级',
                 'id': 301757,
                 'invitecode': '3017572528602',
                 'name': '1班',
                 'studentlimit': 60,
                 'studentnumber': 0,
                 'teacherlist': []},
               { 'grade__name': '八年级',
                 'id': 301758,
                 'invitecode': '3017586412224',
                 'name': '2班',
                 'studentlimit': 80,
                 'studentnumber': 0,
                 'teacherlist': []}]}
{'gradeid': 1, 'retcode': 0, 'retlist': []}
{'gradeid': 1, 'retcode': 0, 'retlist': []}</msg>
<status status="PASS" starttime="20200107 15:45:11.631" endtime="20200107 15:45:11.968"></status>
</kw>
<status status="PASS" starttime="20200107 15:45:11.032" endtime="20200107 15:45:11.969" critical="yes"></status>
</test>
<test id="s1-s1-s1-s1-t3" name="addClass3">
<kw name="Run Keywords" library="BuiltIn" type="setup">
<doc>Executes all the given keywords in a sequence.</doc>
<arguments>
<arg>delete_all_school_classes</arg>
<arg>AND</arg>
<arg>add school class</arg>
<arg>1</arg>
<arg>1班</arg>
<arg>60</arg>
</arguments>
<kw name="Delete All School Classes" library="pylib.SchoolClassLib">
<msg timestamp="20200107 15:45:12.168" level="INFO">{'gradeid': None, 'retcode': 0, 'retlist': []}
{'gradeid': None, 'retcode': 0, 'retlist': []}
{'gradeid': 1, 'retcode': 0, 'retlist': []}
{'gradeid': 1, 'retcode': 0, 'retlist': []}</msg>
<status status="PASS" starttime="20200107 15:45:11.972" endtime="20200107 15:45:12.168"></status>
</kw>
<kw name="Add School Class" library="pylib.SchoolClassLib">
<arguments>
<arg>1</arg>
<arg>1班</arg>
<arg>60</arg>
</arguments>
<msg timestamp="20200107 15:45:12.282" level="INFO">{'id': 301759, 'invitecode': '3017598205518', 'retcode': 0}</msg>
<status status="PASS" starttime="20200107 15:45:12.169" endtime="20200107 15:45:12.283"></status>
</kw>
<status status="PASS" starttime="20200107 15:45:11.972" endtime="20200107 15:45:12.283"></status>
</kw>
<kw name="Add School Class" library="pylib.SchoolClassLib">
<arguments>
<arg>1</arg>
<arg>1班</arg>
<arg>60</arg>
</arguments>
<assign>
<var>${ret}</var>
</assign>
<msg timestamp="20200107 15:45:12.373" level="INFO">{ 'reason': 'Traceback (most recent call last):\n'
            '  File '
            '"/home/yjyx/yijiao_src/yijiao_main/services/datamodel/schoolclass/models.py", '
            'line 542, in addClass\n'
            '    school_class = '
            'self._addClass(name,schoolid,gradeid,studentlimit)\n'
            '  File '
            '"/home/yjyx/yijiao_src/yijiao_main/services/datamodel/schoolclass/models.py", '
            'line 531, in _addClass\n'
            '    school_class.save()\n'
            '  File '
            '"/usr/local/lib/python2.7/site-packages/django/db/models/base.py", '
            'line 710, in save\n'
            '    force_update=force_update, update_fields=update_fields)\n'
            '  File '
            '"/usr/local/lib/python2.7/site-packages/django/db/models/base.py", '
            'line 738, in save_base\n'
            '    updated = self._save_table(raw, cls, force_insert, '
            'force_update, using, update_fields)\n'
            '  File '
            '"/usr/local/lib/python2.7/site-packages/django/db/models/base.py", '
            'line 822, in _save_table\n'
            '    result = self._do_insert(cls._base_manager, using, fields, '
            'update_pk, raw)\n'
            '  File '
            '"/usr/local/lib/python2.7/site-packages/django/db/models/base.py", '
            'line 861, in _do_insert\n'
            '    using=using, raw=raw)\n'
            '  File '
            '"/usr/local/lib/python2.7/site-packages/django/db/models/manager.py", '
            'line 127, in manager_method\n'
            '    return getattr(self.get_queryset(), name)(*args, **kwargs)\n'
            '  File '
            '"/usr/local/lib/python2.7/site-packages/django/db/models/query.py", '
            'line 920, in _insert\n'
            '    return '
            'query.get_compiler(using=using).execute_sql(return_id)\n'
            '  File '
            '"/usr/local/lib/python2.7/site-packages/django/db/models/sql/compiler.py", '
            'line 974, in execute_sql\n'
            '    cursor.execute(sql, params)\n'
            '  File '
            '"/usr/local/lib/python2.7/site-packages/django/db/backends/utils.py", '
            'line 64, in execute\n'
            '    return self.cursor.execute(sql, params)\n'
            '  File '
            '"/usr/local/lib/python2.7/site-packages/django/db/utils.py", line '
            '97, in __exit__\n'
            '    six.reraise(dj_exc_type, dj_exc_value, traceback)\n'
            '  File '
            '"/usr/local/lib/python2.7/site-packages/django/db/backends/utils.py", '
            'line 64, in execute\n'
            '    return self.cursor.execute(sql, params)\n'
            '  File '
            '"/usr/local/lib/python2.7/site-packages/django/db/backends/mysql/base.py", '
            'line 124, in execute\n'
            '    return self.cursor.execute(query, args)\n'
            '  File '
            '"/usr/local/lib/python2.7/site-packages/MySQLdb/cursors.py", line '
            '205, in execute\n'
            '    self.errorhandler(self, exc, value)\n'
            '  File '
            '"/usr/local/lib/python2.7/site-packages/MySQLdb/connections.py", '
            'line 36, in defaulterrorhandler\n'
            '    raise errorclass, errorvalue\n'
            'IntegrityError: (1062, "Duplicate entry '
            '\'1\\xe7\\x8f\\xad-712-1\' for key \'name\'")\n',
  'retcode': 1}</msg>
<msg timestamp="20200107 15:45:12.374" level="INFO">${ret} = {'reason': 'Traceback (most recent call last):\n  File "/home/yjyx/yijiao_src/yijiao_main/services/datamodel/schoolclass/models.py", line 542, in addClass\n    school_class = self._addClass(name,schoo...</msg>
<status status="PASS" starttime="20200107 15:45:12.284" endtime="20200107 15:45:12.374"></status>
</kw>
<kw name="Should Be True" library="BuiltIn">
<doc>Fails if the given condition is not true.</doc>
<arguments>
<arg>$ret['retcode']==1</arg>
</arguments>
<status status="PASS" starttime="20200107 15:45:12.375" endtime="20200107 15:45:12.376"></status>
</kw>
<status status="PASS" starttime="20200107 15:45:11.971" endtime="20200107 15:45:12.377" critical="yes"></status>
</test>
<status status="PASS" starttime="20200107 15:45:10.736" endtime="20200107 15:45:12.380"></status>
</suite>
<status status="PASS" starttime="20200107 15:45:10.722" endtime="20200107 15:45:12.386"></status>
</suite>
<status status="PASS" starttime="20200107 15:45:09.907" endtime="20200107 15:45:12.392"></status>
</suite>
<status status="PASS" starttime="20200107 15:45:09.849" endtime="20200107 15:45:12.398"></status>
</suite>
<statistics>
<total>
<stat pass="3" fail="0">Critical Tests</stat>
<stat pass="3" fail="0">All Tests</stat>
</total>
<tag>
</tag>
<suite>
<stat pass="3" fail="0" id="s1" name="Tc">Tc</stat>
<stat pass="3" fail="0" id="s1-s1" name="D-空白数据">Tc.D-空白数据</stat>
<stat pass="3" fail="0" id="s1-s1-s1" name="班级管理">Tc.D-空白数据.班级管理</stat>
<stat pass="3" fail="0" id="s1-s1-s1-s1" name="添加班级">Tc.D-空白数据.班级管理.添加班级</stat>
</suite>
</statistics>
<errors>
</errors>
</robot>
